  main.cpp
c:\users\abdelrahman\source\repos\cse306\cse306\random.h(25): warning C4244: 'initializing': conversion from '__int64' to 'int', possible loss of data
c:\users\abdelrahman\source\repos\cse306\cse306\main.cpp(44): warning C4244: '=': conversion from 'const _Ty' to 'unsigned char', possible loss of data
          with
          [
              _Ty=double
          ]
c:\users\abdelrahman\source\repos\cse306\cse306\main.cpp(45): warning C4244: '=': conversion from 'const _Ty' to 'unsigned char', possible loss of data
          with
          [
              _Ty=double
          ]
c:\users\abdelrahman\source\repos\cse306\cse306\main.cpp(46): warning C4244: '=': conversion from 'const _Ty' to 'unsigned char', possible loss of data
          with
          [
              _Ty=double
          ]
  Generating code
  2 of 303 functions ( 0.7%) were compiled, the rest were copied from previous compilation.
    0 functions were new in current compilation
    0 functions had inline decision re-evaluated but remain unchanged
  Finished generating code
  CSE306.vcxproj -> C:\Users\Abdelrahman\source\repos\CSE306\x64\Release\CSE306.exe
